0 info it worked if it ends with ok
1 verbose cli [ '/Users/rickardlaurin/.nvm/versions/node/v5.7.0/bin/node',
1 verbose cli   '/Users/rickardlaurin/.nvm/versions/node/v5.7.0/bin/npm',
1 verbose cli   'start' ]
2 info using npm@3.6.0
3 info using node@v5.7.0
4 verbose run-script [ 'prestart', 'start', 'poststart' ]
5 info lifecycle lol-stats@1.0.0~prestart: lol-stats@1.0.0
6 silly lifecycle lol-stats@1.0.0~prestart: no script for prestart, continuing
7 info lifecycle lol-stats@1.0.0~start: lol-stats@1.0.0
8 verbose lifecycle lol-stats@1.0.0~start: unsafe-perm in lifecycle true
9 verbose lifecycle lol-stats@1.0.0~start: PATH: /Users/rickardlaurin/.nvm/versions/node/v5.7.0/lib/node_modules/npm/bin/node-gyp-bin:/Users/rickardlaurin/Documents/Projects/lol-stats/node_modules/.bin:/Users/rickardlaurin/.rvm/gems/ruby-2.2.1/bin:/Users/rickardlaurin/.rvm/gems/ruby-2.2.1@global/bin:/Users/rickardlaurin/.rvm/rubies/ruby-2.2.1/bin:/Users/rickardlaurin/.nvm/versions/node/v5.7.0/bin:/usr/local/bin:/usr/bin:/bin:/usr/sbin:/sbin:/opt/X11/bin:/usr/local/git/bin:/usr/local/mongodb/bin:/Users/rickardlaurin/.rvm/bin
10 verbose lifecycle lol-stats@1.0.0~start: CWD: /Users/rickardlaurin/Documents/Projects/lol-stats
11 silly lifecycle lol-stats@1.0.0~start: Args: [ '-c', 'node -s lib/index.js' ]
12 silly lifecycle lol-stats@1.0.0~start: Returned: code: 9  signal: null
13 info lifecycle lol-stats@1.0.0~start: Failed to exec start script
14 verbose stack Error: lol-stats@1.0.0 start: `node -s lib/index.js`
14 verbose stack Exit status 9
14 verbose stack     at EventEmitter.<anonymous> (/Users/rickardlaurin/.nvm/versions/node/v5.7.0/lib/node_modules/npm/lib/utils/lifecycle.js:232:16)
14 verbose stack     at emitTwo (events.js:100:13)
14 verbose stack     at EventEmitter.emit (events.js:185:7)
14 verbose stack     at ChildProcess.<anonymous> (/Users/rickardlaurin/.nvm/versions/node/v5.7.0/lib/node_modules/npm/lib/utils/spawn.js:24:14)
14 verbose stack     at emitTwo (events.js:100:13)
14 verbose stack     at ChildProcess.emit (events.js:185:7)
14 verbose stack     at maybeClose (internal/child_process.js:827:16)
14 verbose stack     at Process.ChildProcess._handle.onexit (internal/child_process.js:211:5)
15 verbose pkgid lol-stats@1.0.0
16 verbose cwd /Users/rickardlaurin/Documents/Projects/lol-stats
17 error Darwin 15.5.0
18 error argv "/Users/rickardlaurin/.nvm/versions/node/v5.7.0/bin/node" "/Users/rickardlaurin/.nvm/versions/node/v5.7.0/bin/npm" "start"
19 error node v5.7.0
20 error npm  v3.6.0
21 error code ELIFECYCLE
22 error lol-stats@1.0.0 start: `node -s lib/index.js`
22 error Exit status 9
23 error Failed at the lol-stats@1.0.0 start script 'node -s lib/index.js'.
23 error Make sure you have the latest version of node.js and npm installed.
23 error If you do, this is most likely a problem with the lol-stats package,
23 error not with npm itself.
23 error Tell the author that this fails on your system:
23 error     node -s lib/index.js
23 error You can get information on how to open an issue for this project with:
23 error     npm bugs lol-stats
23 error Or if that isn't available, you can get their info via:
23 error     npm owner ls lol-stats
23 error There is likely additional logging output above.
24 verbose exit [ 1, true ]
